<?xml version="1.0" encoding="UTF-8"?>
<!-- Generated by org.testng.reporters.JUnitReportReporter -->
<testsuite hostname="EZITWK040" name="selenium_api.Topic_01_CheckEnvironment" tests="1" failures="0" timestamp="14 Sep 2018 04:48:24 GMT" time="4.740" errors="0">
  <testcase name="TC_01_CheckBrower" time="4.740" classname="selenium_api.Topic_01_CheckEnvironment"/>
</testsuite> <!-- selenium_api.Topic_01_CheckEnvironment -->
